2015-12-02 15:09:36,792 [Worker-2] INFO  o.e.m.c.i.l.LifecycleMappingFactory - Using org.eclipse.m2e.jdt.JarLifecycleMapping lifecycle mapping for MavenProject: com.cucumber:AutobarsAutomationCucumber:0.0.1-SNAPSHOT @ C:\ARFCucumberframework\AutobarsAutomationCucumber\pom.xml.
2015-12-02 15:09:47,031 [Worker-2] INFO  o.e.m.j.i.AbstractJavaProjectConfigurator - Adding source folder /AutobarsAutomationCucumber/src/main/java
2015-12-02 15:09:47,033 [Worker-2] INFO  o.e.m.j.i.AbstractJavaProjectConfigurator - Adding source folder /AutobarsAutomationCucumber/src/test/java
2015-12-02 15:09:47,034 [Worker-2] INFO  o.e.m.j.i.AbstractJavaProjectConfigurator - Adding resource folder /AutobarsAutomationCucumber/src/test/resources
2015-12-02 15:09:47,618 [Worker-2] INFO  o.e.m.c.i.p.ProjectConfigurationManager - Imported and configured 1 project(s) in 27 sec
2015-12-02 15:09:52,538 [Worker-1] INFO  o.e.m.c.i.embedder.EclipseLogger - Using 'UTF-8' encoding to copy filtered resources.
2015-12-02 15:09:52,539 [Worker-1] INFO  o.e.m.c.i.embedder.EclipseLogger - skip non existing resourceDirectory C:\ARFCucumberframework\AutobarsAutomationCucumber\src\main\resources
2015-12-02 15:09:52,544 [Worker-1] INFO  o.e.m.c.i.embedder.EclipseLogger - Using 'UTF-8' encoding to copy filtered resources.
2015-12-02 15:09:52,555 [Worker-1] INFO  o.e.m.c.i.embedder.EclipseLogger - Copying 2 resources
2015-12-02 15:09:58,419 [Worker-13] INFO  o.e.m.c.i.p.ProjectConfigurationManager - Update started
2015-12-02 15:09:59,616 [Worker-13] INFO  o.e.m.c.i.l.LifecycleMappingFactory - Using org.eclipse.m2e.jdt.JarLifecycleMapping lifecycle mapping for MavenProject: com.cucumber:AutobarsAutomationCucumber:0.0.1-SNAPSHOT @ C:\ARFCucumberframework\AutobarsAutomationCucumber\pom.xml.
2015-12-02 15:10:00,938 [Worker-13] INFO  o.e.m.j.i.AbstractJavaProjectConfigurator - Adding source folder /AutobarsAutomationCucumber/src/main/java
2015-12-02 15:10:00,939 [Worker-13] INFO  o.e.m.j.i.AbstractJavaProjectConfigurator - Adding source folder /AutobarsAutomationCucumber/src/test/java
2015-12-02 15:10:00,940 [Worker-13] INFO  o.e.m.j.i.AbstractJavaProjectConfigurator - Adding resource folder /AutobarsAutomationCucumber/src/test/resources
2015-12-02 15:10:01,455 [Worker-13] INFO  o.e.m.c.i.p.ProjectConfigurationManager - Update completed: 3 sec
2015-12-02 15:10:02,600 [Worker-2] INFO  o.e.m.c.i.embedder.EclipseLogger - Using 'UTF-8' encoding to copy filtered resources.
2015-12-02 15:10:02,600 [Worker-2] INFO  o.e.m.c.i.embedder.EclipseLogger - skip non existing resourceDirectory C:\ARFCucumberframework\AutobarsAutomationCucumber\src\main\resources
2015-12-02 15:10:02,600 [Worker-2] INFO  o.e.m.c.i.embedder.EclipseLogger - Using 'UTF-8' encoding to copy filtered resources.
2015-12-02 15:10:02,600 [Worker-2] INFO  o.e.m.c.i.embedder.EclipseLogger - Copying 2 resources
2015-12-02 15:10:23,851 [Worker-1] INFO  o.e.m.i.launch.MavenLaunchDelegate - C:\ARFCucumberframework\AutobarsAutomationCucumber
2015-12-02 15:10:23,851 [Worker-1] INFO  o.e.m.i.launch.MavenLaunchDelegate -  mvn  -B test
2015-12-02 15:10:31,871 [Worker-7] INFO  o.e.m.c.i.embedder.EclipseLogger - Using 'UTF-8' encoding to copy filtered resources.
2015-12-02 15:10:31,877 [Worker-7] INFO  o.e.m.c.i.embedder.EclipseLogger - skip non existing resourceDirectory C:\ARFCucumberframework\AutobarsAutomationCucumber\src\main\resources
2015-12-02 15:10:31,884 [Worker-7] INFO  o.e.m.c.i.embedder.EclipseLogger - Using 'UTF-8' encoding to copy filtered resources.
2015-12-02 15:10:31,890 [Worker-7] INFO  o.e.m.c.i.embedder.EclipseLogger - Copying 0 resource
2015-12-02 15:11:50,552 [Worker-7] INFO  o.e.m.c.i.embedder.EclipseLogger - Using 'UTF-8' encoding to copy filtered resources.
2015-12-02 15:11:50,552 [Worker-7] INFO  o.e.m.c.i.embedder.EclipseLogger - skip non existing resourceDirectory C:\ARFCucumberframework\AutobarsAutomationCucumber\src\main\resources
2015-12-02 15:11:50,552 [Worker-7] INFO  o.e.m.c.i.embedder.EclipseLogger - Using 'UTF-8' encoding to copy filtered resources.
2015-12-02 15:11:50,567 [Worker-7] INFO  o.e.m.c.i.embedder.EclipseLogger - Copying 0 resource
2015-12-02 15:12:44,523 [Worker-13] INFO  o.e.m.c.i.l.LifecycleMappingFactory - Using org.eclipse.m2e.jdt.JarLifecycleMapping lifecycle mapping for MavenProject: com.cucumber:AutobarsAutomationCucumber:0.0.1-SNAPSHOT @ C:\ARFCucumberframework\AutobarsAutomationCucumber\pom.xml.
2015-12-02 15:12:47,009 [Worker-1] INFO  o.e.m.c.i.embedder.EclipseLogger - Using 'UTF-8' encoding to copy filtered resources.
2015-12-02 15:12:47,009 [Worker-1] INFO  o.e.m.c.i.embedder.EclipseLogger - skip non existing resourceDirectory C:\ARFCucumberframework\AutobarsAutomationCucumber\src\main\resources
2015-12-02 15:12:47,024 [Worker-1] INFO  o.e.m.c.i.embedder.EclipseLogger - Using 'UTF-8' encoding to copy filtered resources.
2015-12-02 15:12:47,024 [Worker-1] INFO  o.e.m.c.i.embedder.EclipseLogger - Copying 2 resources
2015-12-02 15:16:18,362 [Worker-4] INFO  o.e.m.c.i.l.LifecycleMappingFactory - Using org.eclipse.m2e.jdt.JarLifecycleMapping lifecycle mapping for MavenProject: com.cucumber:AutobarsAutomationCucumber:0.0.1-SNAPSHOT @ C:\ARFCucumberframework\AutobarsAutomationCucumber\pom.xml.
2015-12-02 15:16:23,345 [Worker-1] INFO  o.e.m.c.i.embedder.EclipseLogger - Using 'UTF-8' encoding to copy filtered resources.
2015-12-02 15:16:23,350 [Worker-1] INFO  o.e.m.c.i.embedder.EclipseLogger - skip non existing resourceDirectory C:\ARFCucumberframework\AutobarsAutomationCucumber\src\main\resources
2015-12-02 15:16:23,356 [Worker-1] INFO  o.e.m.c.i.embedder.EclipseLogger - Using 'UTF-8' encoding to copy filtered resources.
2015-12-02 15:16:23,370 [Worker-1] INFO  o.e.m.c.i.embedder.EclipseLogger - Copying 2 resources
2015-12-02 15:17:59,729 [Worker-1] INFO  o.e.m.c.i.l.LifecycleMappingFactory - Using org.eclipse.m2e.jdt.JarLifecycleMapping lifecycle mapping for MavenProject: com.cucumber:AutobarsAutomationCucumber:0.0.1-SNAPSHOT @ C:\ARFCucumberframework\AutobarsAutomationCucumber\pom.xml.
2015-12-02 15:18:02,498 [Worker-1] INFO  o.e.m.c.i.embedder.EclipseLogger - Using 'UTF-8' encoding to copy filtered resources.
2015-12-02 15:18:02,499 [Worker-1] INFO  o.e.m.c.i.embedder.EclipseLogger - skip non existing resourceDirectory C:\ARFCucumberframework\AutobarsAutomationCucumber\src\main\resources
2015-12-02 15:18:02,502 [Worker-1] INFO  o.e.m.c.i.embedder.EclipseLogger - Using 'UTF-8' encoding to copy filtered resources.
2015-12-02 15:18:02,504 [Worker-1] INFO  o.e.m.c.i.embedder.EclipseLogger - Copying 2 resources
2015-12-02 15:19:03,331 [Worker-5] INFO  o.e.m.c.i.p.ProjectConfigurationManager - Update started
2015-12-02 15:19:05,152 [Worker-5] INFO  o.e.m.c.i.l.LifecycleMappingFactory - Using org.eclipse.m2e.jdt.JarLifecycleMapping lifecycle mapping for MavenProject: com.cucumber:AutobarsAutomationCucumber:0.0.1-SNAPSHOT @ C:\ARFCucumberframework\AutobarsAutomationCucumber\pom.xml.
2015-12-02 15:19:06,646 [Worker-5] INFO  o.e.m.j.i.AbstractJavaProjectConfigurator - Adding source folder /AutobarsAutomationCucumber/src/main/java
2015-12-02 15:19:06,648 [Worker-5] INFO  o.e.m.j.i.AbstractJavaProjectConfigurator - Adding source folder /AutobarsAutomationCucumber/src/test/java
2015-12-02 15:19:06,649 [Worker-5] INFO  o.e.m.j.i.AbstractJavaProjectConfigurator - Adding resource folder /AutobarsAutomationCucumber/src/test/resources
2015-12-02 15:19:07,310 [Worker-5] INFO  o.e.m.c.i.p.ProjectConfigurationManager - Update completed: 3 sec
2015-12-02 15:19:09,090 [Worker-18] INFO  o.e.m.c.i.embedder.EclipseLogger - Using 'UTF-8' encoding to copy filtered resources.
2015-12-02 15:19:09,090 [Worker-18] INFO  o.e.m.c.i.embedder.EclipseLogger - skip non existing resourceDirectory C:\ARFCucumberframework\AutobarsAutomationCucumber\src\main\resources
2015-12-02 15:19:09,094 [Worker-18] INFO  o.e.m.c.i.embedder.EclipseLogger - Using 'UTF-8' encoding to copy filtered resources.
2015-12-02 15:19:09,096 [Worker-18] INFO  o.e.m.c.i.embedder.EclipseLogger - Copying 2 resources
2015-12-02 15:19:19,918 [Worker-6] INFO  o.e.m.i.launch.MavenLaunchDelegate - C:\ARFCucumberframework\AutobarsAutomationCucumber
2015-12-02 15:19:19,925 [Worker-6] INFO  o.e.m.i.launch.MavenLaunchDelegate -  mvn  -B test
2015-12-02 15:19:29,859 [Worker-3] INFO  o.e.m.c.i.embedder.EclipseLogger - Using 'UTF-8' encoding to copy filtered resources.
2015-12-02 15:19:29,859 [Worker-3] INFO  o.e.m.c.i.embedder.EclipseLogger - skip non existing resourceDirectory C:\ARFCucumberframework\AutobarsAutomationCucumber\src\main\resources
2015-12-02 15:19:29,867 [Worker-3] INFO  o.e.m.c.i.embedder.EclipseLogger - Using 'UTF-8' encoding to copy filtered resources.
2015-12-02 15:19:29,874 [Worker-3] INFO  o.e.m.c.i.embedder.EclipseLogger - Copying 0 resource
2015-12-02 15:54:38,708 [Worker-7] INFO  o.e.m.c.i.embedder.EclipseLogger - Using 'UTF-8' encoding to copy filtered resources.
2015-12-02 15:54:38,728 [Worker-7] INFO  o.e.m.c.i.embedder.EclipseLogger - skip non existing resourceDirectory C:\ARFCucumberframework\AutobarsAutomationCucumber\src\main\resources
2015-12-02 15:54:38,733 [Worker-7] INFO  o.e.m.c.i.embedder.EclipseLogger - Using 'UTF-8' encoding to copy filtered resources.
2015-12-02 15:54:38,751 [Worker-7] INFO  o.e.m.c.i.embedder.EclipseLogger - Copying 2 resources
2015-12-02 15:56:19,763 [Worker-11] INFO  o.e.m.c.i.embedder.EclipseLogger - Using 'UTF-8' encoding to copy filtered resources.
2015-12-02 15:56:19,764 [Worker-11] INFO  o.e.m.c.i.embedder.EclipseLogger - skip non existing resourceDirectory C:\ARFCucumberframework\AutobarsAutomationCucumber\src\main\resources
2015-12-02 15:56:19,767 [Worker-11] INFO  o.e.m.c.i.embedder.EclipseLogger - Using 'UTF-8' encoding to copy filtered resources.
2015-12-02 15:56:19,772 [Worker-11] INFO  o.e.m.c.i.embedder.EclipseLogger - Copying 0 resource
2015-12-02 15:56:21,817 [Worker-2] INFO  o.e.m.c.i.embedder.EclipseLogger - Using 'UTF-8' encoding to copy filtered resources.
2015-12-02 15:56:21,817 [Worker-2] INFO  o.e.m.c.i.embedder.EclipseLogger - skip non existing resourceDirectory C:\ARFCucumberframework\AutobarsAutomationCucumber\src\main\resources
2015-12-02 15:56:21,820 [Worker-2] INFO  o.e.m.c.i.embedder.EclipseLogger - Using 'UTF-8' encoding to copy filtered resources.
2015-12-02 15:56:21,820 [Worker-2] INFO  o.e.m.c.i.embedder.EclipseLogger - Copying 0 resource
2015-12-02 15:56:35,365 [Worker-3] INFO  o.e.m.c.i.p.ProjectConfigurationManager - Update started
2015-12-02 15:56:37,785 [Worker-3] INFO  o.e.m.c.i.l.LifecycleMappingFactory - Using org.eclipse.m2e.jdt.JarLifecycleMapping lifecycle mapping for MavenProject: com.cucumber:AutobarsAutomationCucumber:0.0.1-SNAPSHOT @ C:\ARFCucumberframework\AutobarsAutomationCucumber\pom.xml.
2015-12-02 15:56:40,866 [Worker-3] INFO  o.e.m.j.i.AbstractJavaProjectConfigurator - Adding source folder /AutobarsAutomationCucumber/src/main/java
2015-12-02 15:56:40,867 [Worker-3] INFO  o.e.m.j.i.AbstractJavaProjectConfigurator - Adding source folder /AutobarsAutomationCucumber/src/test/java
2015-12-02 15:56:40,911 [Worker-3] INFO  o.e.m.j.i.AbstractJavaProjectConfigurator - Adding resource folder /AutobarsAutomationCucumber/src/test/resources
2015-12-02 15:56:42,050 [Worker-3] INFO  o.e.m.c.i.p.ProjectConfigurationManager - Update completed: 6 sec
2015-12-02 15:56:43,531 [Worker-1] INFO  o.e.m.c.i.embedder.EclipseLogger - Using 'UTF-8' encoding to copy filtered resources.
2015-12-02 15:56:43,531 [Worker-1] INFO  o.e.m.c.i.embedder.EclipseLogger - skip non existing resourceDirectory C:\ARFCucumberframework\AutobarsAutomationCucumber\src\main\resources
2015-12-02 15:56:43,540 [Worker-1] INFO  o.e.m.c.i.embedder.EclipseLogger - Using 'UTF-8' encoding to copy filtered resources.
2015-12-02 15:56:43,548 [Worker-1] INFO  o.e.m.c.i.embedder.EclipseLogger - Copying 2 resources
2015-12-02 15:56:55,543 [Worker-15] INFO  o.e.m.i.launch.MavenLaunchDelegate - C:\ARFCucumberframework\AutobarsAutomationCucumber
2015-12-02 15:56:55,545 [Worker-15] INFO  o.e.m.i.launch.MavenLaunchDelegate -  mvn  -B test
2015-12-02 15:59:44,369 [Worker-16] INFO  o.e.m.c.i.embedder.EclipseLogger - Using 'UTF-8' encoding to copy filtered resources.
2015-12-02 15:59:44,397 [Worker-16] INFO  o.e.m.c.i.embedder.EclipseLogger - skip non existing resourceDirectory C:\ARFCucumberframework\AutobarsAutomationCucumber\src\main\resources
2015-12-02 15:59:44,403 [Worker-16] INFO  o.e.m.c.i.embedder.EclipseLogger - Using 'UTF-8' encoding to copy filtered resources.
2015-12-02 15:59:44,416 [Worker-16] INFO  o.e.m.c.i.embedder.EclipseLogger - Copying 2 resources
